<?xml version='1.0' encoding='UTF-8'?>
<testsuite hostname="i5-6600" name="logic.HandEvaluatorSpec" tests="22" errors="0" failures="0" skipped="0" time="0.295" timestamp="2026-04-08T22:18:09">
          <properties>
[...]
</properties>
          <testcase classname="logic.HandEvaluatorSpec" name="HandEvaluator.evaluate when given a Royal Flush should return RoyalFlush" time="0.083">
                      
                    </testcase><testcase classname="logic.HandEvaluatorSpec" name="HandEvaluator.evaluate when given a Straight Flush should return StraightFlush" time="0.01">
                      
                    </testcase><testcase classname="logic.HandEvaluatorSpec" name="HandEvaluator.evaluate when given Four of a Kind should return FourOfAKind" time="0.06">
                      
                    </testcase><testcase classname="logic.HandEvaluatorSpec" name="HandEvaluator.evaluate when given a Full House should return FullHouse" time="0.018">
                      
                    </testcase><testcase classname="logic.HandEvaluatorSpec" name="HandEvaluator.evaluate when given a Flush should return Flush" time="0.018">
                      
                    </testcase><testcase classname="logic.HandEvaluatorSpec" name="HandEvaluator.evaluate when given a Straight should return Straight" time="0.002">
                      
                    </testcase><testcase classname="logic.HandEvaluatorSpec" name="HandEvaluator.evaluate when given a Straight should recognise the wheel (A-2-3-4-5) as a Straight" time="0.001">
                      
                    </testcase><testcase classname="logic.HandEvaluatorSpec" name="HandEvaluator.evaluate when given Three of a Kind should return ThreeOfAKind" time="0.001">
                      
                    </testcase><testcase classname="logic.HandEvaluatorSpec" name="HandEvaluator.evaluate when given Two Pair should return TwoPair" time="0.001">
                      
                    </testcase><testcase classname="logic.HandEvaluatorSpec" name="HandEvaluator.evaluate when given One Pair should return OnePair" time="0.002">
                      
                    </testcase><testcase classname="logic.HandEvaluatorSpec" name="HandEvaluator.evaluate when given High Card should return HighCard" time="0.002">
                      
                    </testcase><testcase classname="logic.HandEvaluatorSpec" name="HandEvaluator.evaluate when given wrong card count should throw IllegalArgumentException" time="0.009">
                      
                    </testcase><testcase classname="logic.HandEvaluatorSpec" name="HandEvaluator.bestFiveFrom should find a flush from 7 cards when one exists" time="0.022">
                      
                    </testcase><testcase classname="logic.HandEvaluatorSpec" name="HandEvaluator.bestFiveFrom should find a straight from 7 cards" time="0.006">
                      
                    </testcase><testcase classname="logic.HandEvaluatorSpec" name="HandEvaluator.bestFiveFrom should prefer a stronger hand over a weaker subset" time="0.009">
                      
                    </testcase><testcase classname="logic.HandEvaluatorSpec" name="HandEvaluator.bestFiveFrom should throw when fewer than 5 cards are provided" time="0.002">
                      
                    </testcase><testcase classname="logic.HandEvaluatorSpec" name="HandRank ordering should rank StraightFlush above Flush" time="0.007">
                      
                    </testcase><testcase classname="logic.HandEvaluatorSpec" name="HandRank ordering should rank FullHouse above Straight" time="0.002">
                      
                    </testcase><testcase classname="logic.HandEvaluatorSpec" name="HandRank ordering should rank all hands in the correct ascending order" time="0.001">
                      
                    </testcase><testcase classname="logic.HandEvaluatorSpec" name="HandEvaluator.determineWinner should return the player with the stronger hand" time="0.015">
                      
                    </testcase><testcase classname="logic.HandEvaluatorSpec" name="HandEvaluator.determineWinner should return both players on an exact tie" time="0.016">
                      
                    </testcase><testcase classname="logic.HandEvaluatorSpec" name="HandEvaluator.determineWinner should use kicker to break a tie" time="0.008">
                      
                    </testcase>
          <system-out><![CDATA[]]></system-out>
          <system-err><![CDATA[]]></system-err>
        </testsuite>