<?xml version='1.0' encoding='UTF-8'?>
<testsuite hostname="i5-6600" name="model.CardSpec" tests="10" errors="0" failures="0" skipped="0" time="0.022" timestamp="2026-04-08T22:18:09">
          <properties>
[...]
</properties>
          <testcase classname="model.CardSpec" name="Suit should contain exactly 4 suits" time="0.003">
                      
                    </testcase><testcase classname="model.CardSpec" name="Suit should have distinct symbols" time="0.001">
                      
                    </testcase><testcase classname="model.CardSpec" name="Rank should contain exactly 13 ranks" time="0.001">
                      
                    </testcase><testcase classname="model.CardSpec" name="Rank should have Two as the lowest rank" time="0.002">
                      
                    </testcase><testcase classname="model.CardSpec" name="Rank should have Ace as the highest rank" time="0.001">
                      
                    </testcase><testcase classname="model.CardSpec" name="Rank should have strictly increasing values" time="0.006">
                      
                    </testcase><testcase classname="model.CardSpec" name="Card should produce a compact string representation" time="0.001">
                      
                    </testcase><testcase classname="model.CardSpec" name="Card should support value equality" time="0.002">
                      
                    </testcase><testcase classname="model.CardSpec" name="Card should not equal a card with a different rank" time="0.004">
                      
                    </testcase><testcase classname="model.CardSpec" name="Card should not equal a card with a different suit" time="0.001">
                      
                    </testcase>
          <system-out><![CDATA[]]></system-out>
          <system-err><![CDATA[]]></system-err>
        </testsuite>